#
# There is insufficient memory for the Java Runtime Environment to continue.
# Native memory allocation (mmap) failed to map 49283072 bytes for G1 virtual space
# Possible reasons:
#   The system is out of physical RAM or swap space
#   The process is running with CompressedOops enabled, and the Java Heap may be blocking the growth of the native heap
# Possible solutions:
#   Reduce memory load on the system
#   Increase physical memory or swap space
#   Check if swap backing store is full
#   Decrease Java heap size (-Xmx/-Xms)
#   Decrease number of Java threads
#   Decrease Java thread stack sizes (-Xss)
#   Set larger code cache with -XX:ReservedCodeCacheSize=
#   JVM is running with Unscaled Compressed Oops mode in which the Java heap is
#     placed in the first 4GB address space. The Java Heap base address is the
#     maximum limit for the native heap growth. Please use -XX:HeapBaseMinAddress
#     to set the Java Heap base and to place the Java Heap above 4GB virtual address.
# This output file may be truncated or incomplete.
#
#  Out of Memory Error (os_windows.cpp:3550), pid=11692, tid=4508
#
# JRE version: Java(TM) SE Runtime Environment (17.0.8+9) (build 17.0.8+9-LTS-211)
# Java VM: Java HotSpot(TM) 64-Bit Server VM (17.0.8+9-LTS-211, mixed mode, sharing, tiered, compressed oops, compressed class ptrs, g1 gc, windows-amd64)
# No core dump will be written. Minidumps are not enabled by default on client versions of Windows
#

---------------  S U M M A R Y ------------

Command Line: -Dclassworlds.conf=C:\Program Files\apache-maven-3.9.4\bin\m2.conf -Dmaven.home=C:\Program Files\apache-maven-3.9.4 -Dlibrary.jansi.path=C:\Program Files\apache-maven-3.9.4\lib\jansi-native -Dmaven.multiModuleProjectDirectory=C:\Users\User\IdeaProjects\API-capstone-ECAT org.codehaus.plexus.classworlds.launcher.Launcher clean verify -Dtags=@AdminDeleteNews

Host: Intel(R) Celeron(R) CPU 1007U @ 1.50GHz, 2 cores, 3G,  Windows 10 , 64 bit Build 19041 (10.0.19041.3636)
Time: Tue Dec 12 22:33:20 2023 SE Asia Standard Time elapsed time: 290.008513 seconds (0d 0h 4m 50s)

---------------  T H R E A D  ---------------

Current thread (0x000001c0dd5f7c20):  VMThread "VM Thread" [stack: 0x000000a8ad900000,0x000000a8ada00000] [id=4508]

Stack: [0x000000a8ad900000,0x000000a8ada00000]
Native frames: (J=compiled Java code, j=interpreted, Vv=VM code, C=native code)
V  [jvm.dll+0x677d0a]
V  [jvm.dll+0x7d8c54]
V  [jvm.dll+0x7da3fe]
V  [jvm.dll+0x7daa63]
V  [jvm.dll+0x245c5f]
V  [jvm.dll+0x674bb9]
V  [jvm.dll+0x6694f2]
V  [jvm.dll+0x3031d6]
V  [jvm.dll+0x30a756]
V  [jvm.dll+0x359f9e]
V  [jvm.dll+0x35a1cf]
V  [jvm.dll+0x2da3e8]
V  [jvm.dll+0x2dd486]
V  [jvm.dll+0x2e7c88]
V  [jvm.dll+0x31b6e0]
V  [jvm.dll+0x7df26b]
V  [jvm.dll+0x7dffa4]
V  [jvm.dll+0x7e04bd]
V  [jvm.dll+0x7e0894]
V  [jvm.dll+0x7e0960]
V  [jvm.dll+0x788bba]
V  [jvm.dll+0x676b35]
C  [ucrtbase.dll+0x21bb2]
C  [KERNEL32.DLL+0x17344]
C  [ntdll.dll+0x526b1]

VM_Operation (0x000000a8ad5ff660): G1Concurrent, mode: safepoint, requested by thread 0x000001c0c29227a0


---------------  P R O C E S S  ---------------

Threads class SMR info:
_java_thread_list=0x000001c1250181b0, length=14, elements={
0x000001c0c28df8c0, 0x000001c0dd5fd790, 0x000001c0dd5ff3c0, 0x000001c0dd615190,
0x000001c0dd615c50, 0x000001c0dd618520, 0x000001c0dd618de0, 0x000001c0dd619a80,
0x000001c0dd688e90, 0x000001c0dd68bb50, 0x000001c0dd847e60, 0x000001c0dd8485c0,
0x000001c125b3d520, 0x000001c125b3a500
}

Java Threads: ( => current thread )
  0x000001c0c28df8c0 JavaThread "main" [_thread_blocked, id=11900, stack(0x000000a8ad300000,0x000000a8ad400000)]
  0x000001c0dd5fd790 JavaThread "Reference Handler" daemon [_thread_blocked, id=12496, stack(0x000000a8ada00000,0x000000a8adb00000)]
  0x000001c0dd5ff3c0 JavaThread "Finalizer" daemon [_thread_blocked, id=4008, stack(0x000000a8adb00000,0x000000a8adc00000)]
  0x000001c0dd615190 JavaThread "Signal Dispatcher" daemon [_thread_blocked, id=4604, stack(0x000000a8adc00000,0x000000a8add00000)]
  0x000001c0dd615c50 JavaThread "Attach Listener" daemon [_thread_blocked, id=1740, stack(0x000000a8add00000,0x000000a8ade00000)]
  0x000001c0dd618520 JavaThread "Service Thread" daemon [_thread_blocked, id=3128, stack(0x000000a8ade00000,0x000000a8adf00000)]
  0x000001c0dd618de0 JavaThread "Monitor Deflation Thread" daemon [_thread_blocked, id=9940, stack(0x000000a8adf00000,0x000000a8ae000000)]
  0x000001c0dd619a80 JavaThread "C2 CompilerThread0" daemon [_thread_blocked, id=4012, stack(0x000000a8ae000000,0x000000a8ae100000)]
  0x000001c0dd688e90 JavaThread "C1 CompilerThread0" daemon [_thread_blocked, id=7720, stack(0x000000a8ae100000,0x000000a8ae200000)]
  0x000001c0dd68bb50 JavaThread "Sweeper thread" daemon [_thread_blocked, id=2536, stack(0x000000a8ae200000,0x000000a8ae300000)]
  0x000001c0dd847e60 JavaThread "Notification Thread" daemon [_thread_blocked, id=8552, stack(0x000000a8ae300000,0x000000a8ae400000)]
  0x000001c0dd8485c0 JavaThread "Common-Cleaner" daemon [_thread_blocked, id=9292, stack(0x000000a8ae500000,0x000000a8ae600000)]
  0x000001c125b3d520 JavaThread "pool-2-thread-1" [_thread_blocked, id=12768, stack(0x000000a8ad100000,0x000000a8ad200000)]
  0x000001c125b3a500 JavaThread "pool-2-thread-2" [_thread_blocked, id=4020, stack(0x000000a8ae700000,0x000000a8ae800000)]

Other Threads:
=>0x000001c0dd5f7c20 VMThread "VM Thread" [stack: 0x000000a8ad900000,0x000000a8ada00000] [id=4508]
  0x000001c0dd848330 WatcherThread [stack: 0x000000a8ae400000,0x000000a8ae500000] [id=1788]
  0x000001c0c2918f80 GCTaskThread "GC Thread#0" [stack: 0x000000a8ad400000,0x000000a8ad500000] [id=3192]
  0x000001c12335eb70 GCTaskThread "GC Thread#1" [stack: 0x000000a8ae600000,0x000000a8ae700000] [id=12384]
  0x000001c0c29227a0 ConcurrentGCThread "G1 Main Marker" [stack: 0x000000a8ad500000,0x000000a8ad600000] [id=2972]
  0x000001c0c29240d0 ConcurrentGCThread "G1 Conc#0" [stack: 0x000000a8ad600000,0x000000a8ad700000] [id=10900]
  0x000001c0c29589e0 ConcurrentGCThread "G1 Refine#0" [stack: 0x000000a8ad700000,0x000000a8ad800000] [id=4184]
  0x000001c12494a380 ConcurrentGCThread "G1 Refine#1" [stack: 0x000000a8ad200000,0x000000a8ad300000] [id=11824]
  0x000001c0c2959310 ConcurrentGCThread "G1 Service" [stack: 0x000000a8ad800000,0x000000a8ad900000] [id=11980]

Threads with active compile tasks:

VM state: at safepoint (normal execution)

VM Mutex/Monitor currently owned by a thread:  ([mutex/lock_event])
[0x000001c0c28dab50] Threads_lock - owner thread: 0x000001c0dd5f7c20
[0x000001c0c28dad00] Heap_lock - owner thread: 0x000001c0c29227a0

Heap address: 0x00000000c3200000, size: 974 MB, Compressed Oops mode: 32-bit

CDS archive(s) mapped at: [0x000001c0de000000-0x000001c0debd0000-0x000001c0debd0000), size 12386304, SharedBaseAddress: 0x000001c0de000000, ArchiveRelocationMode: 1.
Compressed class space mapped at: 0x000001c0df000000-0x000001c11f000000, reserved size: 1073741824
Narrow klass base: 0x000001c0de000000, Narrow klass shift: 0, Narrow klass range: 0x100000000

GC Precious Log:
 CPUs: 2 total, 2 available
 Memory: 3891M
 Large Page Support: Disabled
 NUMA Support: Disabled
 Compressed Oops: Enabled (32-bit)
 Heap Region Size: 1M
 Heap Min Capacity: 8M
 Heap Initial Capacity: 62M
 Heap Max Capacity: 974M
 Pre-touch: Disabled
 Parallel Workers: 2
 Concurrent Workers: 1
 Concurrent Refinement Workers: 2
 Periodic GC: Disabled

Heap:
 garbage-first heap   total 122880K, used 100439K [0x00000000c3200000, 0x0000000100000000)
  region size 1024K, 2 young (2048K), 1 survivors (1024K)
 Metaspace       used 32070K, committed 32896K, reserved 1114112K
  class space    used 3547K, committed 3904K, reserved 1048576K

Heap Regions: E=young(eden), S=young(survivor), O=old, HS=humongous(starts), HC=humongous(continues), CS=collection set, F=free, OA=open archive, CA=closed archive, TAMS=top-at-mark-start (previous, next)
|   0|0x00000000c3200000, 0x00000000c3300000, 0x00000000c3300000|100%| O|  |TAMS 0x00000000c3300000, 0x00000000c3200000| Untracked 
|   1|0x00000000c3300000, 0x00000000c3400000, 0x00000000c3400000|100%| O|  |TAMS 0x00000000c3400000, 0x00000000c3300000| Untracked 
|   2|0x00000000c3400000, 0x00000000c3500000, 0x00000000c3500000|100%| O|  |TAMS 0x00000000c3500000, 0x00000000c3400000| Untracked 
|   3|0x00000000c3500000, 0x00000000c3600000, 0x00000000c3600000|100%| O|  |TAMS 0x00000000c3600000, 0x00000000c3500000| Untracked 
|   4|0x00000000c3600000, 0x00000000c3700000, 0x00000000c3700000|100%| O|  |TAMS 0x00000000c3700000, 0x00000000c3600000| Untracked 
|   5|0x00000000c3700000, 0x00000000c3800000, 0x00000000c3800000|100%| O|  |TAMS 0x00000000c3800000, 0x00000000c3700000| Untracked 
|   6|0x00000000c3800000, 0x00000000c3900000, 0x00000000c3900000|100%| O|  |TAMS 0x00000000c3900000, 0x00000000c3800000| Untracked 
|   7|0x00000000c3900000, 0x00000000c3a00000, 0x00000000c3a00000|100%| O|  |TAMS 0x00000000c3a00000, 0x00000000c3900000| Untracked 
|   8|0x00000000c3a00000, 0x00000000c3b00000, 0x00000000c3b00000|100%| O|  |TAMS 0x00000000c3b00000, 0x00000000c3a00000| Untracked 
|   9|0x00000000c3b00000, 0x00000000c3c00000, 0x00000000c3c00000|100%| O|  |TAMS 0x00000000c3c00000, 0x00000000c3b00000| Untracked 
|  10|0x00000000c3c00000, 0x00000000c3d00000, 0x00000000c3d00000|100%| O|  |TAMS 0x00000000c3d00000, 0x00000000c3c00000| Untracked 
|  11|0x00000000c3d00000, 0x00000000c3e00000, 0x00000000c3e00000|100%| O|  |TAMS 0x00000000c3e00000, 0x00000000c3d00000| Untracked 
|  12|0x00000000c3e00000, 0x00000000c3f00000, 0x00000000c3f00000|100%| O|  |TAMS 0x00000000c3f00000, 0x00000000c3e00000| Untracked 
|  13|0x00000000c3f00000, 0x00000000c4000000, 0x00000000c4000000|100%| O|  |TAMS 0x00000000c4000000, 0x00000000c3f00000| Updating 
|  14|0x00000000c4000000, 0x00000000c4100000, 0x00000000c4100000|100%| O|  |TAMS 0x00000000c4100000, 0x00000000c4000000| Updating 
|  15|0x00000000c4100000, 0x00000000c4200000, 0x00000000c4200000|100%| O|  |TAMS 0x00000000c4200000, 0x00000000c4100000| Untracked 
|  16|0x00000000c4200000, 0x00000000c4300000, 0x00000000c4300000|100%| O|  |TAMS 0x00000000c4300000, 0x00000000c4200000| Untracked 
|  17|0x00000000c4300000, 0x00000000c4400000, 0x00000000c4400000|100%| O|  |TAMS 0x00000000c4400000, 0x00000000c4300000| Untracked 
|  18|0x00000000c4400000, 0x00000000c4500000, 0x00000000c4500000|100%| O|  |TAMS 0x00000000c4500000, 0x00000000c4400000| Untracked 
|  19|0x00000000c4500000, 0x00000000c4600000, 0x00000000c4600000|100%| O|  |TAMS 0x00000000c4600000, 0x00000000c4500000| Untracked 
|  20|0x00000000c4600000, 0x00000000c4700000, 0x00000000c4700000|100%| O|  |TAMS 0x00000000c4700000, 0x00000000c4600000| Untracked 
|  21|0x00000000c4700000, 0x00000000c4800000, 0x00000000c4800000|100%| O|  |TAMS 0x00000000c4800000, 0x00000000c4700000| Updating 
|  22|0x00000000c4800000, 0x00000000c4900000, 0x00000000c4900000|100%| O|  |TAMS 0x00000000c4900000, 0x00000000c4800000| Untracked 
|  23|0x00000000c4900000, 0x00000000c4a00000, 0x00000000c4a00000|100%| O|  |TAMS 0x00000000c4a00000, 0x00000000c4900000| Untracked 
|  24|0x00000000c4a00000, 0x00000000c4b00000, 0x00000000c4b00000|100%| O|  |TAMS 0x00000000c4b00000, 0x00000000c4a00000| Updating 
|  25|0x00000000c4b00000, 0x00000000c4c00000, 0x00000000c4c00000|100%| O|  |TAMS 0x00000000c4c00000, 0x00000000c4b00000| Untracked 
|  26|0x00000000c4c00000, 0x00000000c4d00000, 0x00000000c4d00000|100%| O|  |TAMS 0x00000000c4d00000, 0x00000000c4c00000| Untracked 
|  27|0x00000000c4d00000, 0x00000000c4e00000, 0x00000000c4e00000|100%| O|  |TAMS 0x00000000c4e00000, 0x00000000c4d00000| Updating 
|  28|0x00000000c4e00000, 0x00000000c4e00000, 0x00000000c4f00000|  0%| F|  |TAMS 0x00000000c4e00000, 0x00000000c4e00000| Untracked 
|  29|0x00000000c4f00000, 0x00000000c4f00000, 0x00000000c5000000|  0%| F|  |TAMS 0x00000000c4f00000, 0x00000000c4f00000| Untracked 
|  30|0x00000000c5000000, 0x00000000c5000000, 0x00000000c5100000|  0%| F|  |TAMS 0x00000000c5000000, 0x00000000c5000000| Untracked 
|  31|0x00000000c5100000, 0x00000000c5200000, 0x00000000c5200000|100%| O|  |TAMS 0x00000000c5200000, 0x00000000c5100000| Updating 
|  32|0x00000000c5200000, 0x00000000c5300000, 0x00000000c5300000|100%| O|  |TAMS 0x00000000c5300000, 0x00000000c5200000| Updating 
|  33|0x00000000c5300000, 0x00000000c5300000, 0x00000000c5400000|  0%| F|  |TAMS 0x00000000c5300000, 0x00000000c5300000| Untracked 
|  34|0x00000000c5400000, 0x00000000c5500000, 0x00000000c5500000|100%| O|  |TAMS 0x00000000c5500000, 0x00000000c5400000| Updating 
|  35|0x00000000c5500000, 0x00000000c5600000, 0x00000000c5600000|100%| O|  |TAMS 0x00000000c5600000, 0x00000000c5500000| Updating 
|  36|0x00000000c5600000, 0x00000000c5700000, 0x00000000c5700000|100%| O|  |TAMS 0x00000000c5700000, 0x00000000c5600000| Untracked 
|  37|0x00000000c5700000, 0x00000000c5800000, 0x00000000c5800000|100%| O|  |TAMS 0x00000000c5800000, 0x00000000c5700000| Untracked 
|  38|0x00000000c5800000, 0x00000000c5900000, 0x00000000c5900000|100%| O|  |TAMS 0x00000000c5900000, 0x00000000c5800000| Updating 
|  39|0x00000000c5900000, 0x00000000c5a00000, 0x00000000c5a00000|100%| O|  |TAMS 0x00000000c5a00000, 0x00000000c5900000| Updating 
|  40|0x00000000c5a00000, 0x00000000c5a00000, 0x00000000c5b00000|  0%| F|  |TAMS 0x00000000c5a00000, 0x00000000c5a00000| Untracked 
|  41|0x00000000c5b00000, 0x00000000c5c00000, 0x00000000c5c00000|100%| O|  |TAMS 0x00000000c5c00000, 0x00000000c5b00000| Updating 
|  42|0x00000000c5c00000, 0x00000000c5d00000, 0x00000000c5d00000|100%| O|  |TAMS 0x00000000c5d00000, 0x00000000c5c00000| Updating 
|  43|0x00000000c5d00000, 0x00000000c5e00000, 0x00000000c5e00000|100%| O|  |TAMS 0x00000000c5e00000, 0x00000000c5d00000| Untracked 
|  44|0x00000000c5e00000, 0x00000000c5f00000, 0x00000000c5f00000|100%| O|  |TAMS 0x00000000c5f00000, 0x00000000c5e00000| Updating 
|  45|0x00000000c5f00000, 0x00000000c6000000, 0x00000000c6000000|100%| O|  |TAMS 0x00000000c6000000, 0x00000000c5f00000| Updating 
|  46|0x00000000c6000000, 0x00000000c6100000, 0x00000000c6100000|100%| O|  |TAMS 0x00000000c6100000, 0x00000000c6000000| Untracked 
|  47|0x00000000c6100000, 0x00000000c6200000, 0x00000000c6200000|100%| O|  |TAMS 0x00000000c6200000, 0x00000000c6100000| Updating 
|  48|0x00000000c6200000, 0x00000000c6300000, 0x00000000c6300000|100%| O|  |TAMS 0x00000000c6300000, 0x00000000c6200000| Updating 
|  49|0x00000000c6300000, 0x00000000c6400000, 0x00000000c6400000|100%| O|  |TAMS 0x00000000c6300000, 0x00000000c6300000| Untracked 
|  50|0x00000000c6400000, 0x00000000c6500000, 0x00000000c6500000|100%| O|  |TAMS 0x00000000c6500000, 0x00000000c6400000| Updating 
|  51|0x00000000c6500000, 0x00000000c6600000, 0x00000000c6600000|100%| O|  |TAMS 0x00000000c6600000, 0x00000000c6500000| Updating 
|  52|0x00000000c6600000, 0x00000000c6700000, 0x00000000c6700000|100%| O|  |TAMS 0x00000000c6700000, 0x00000000c6600000| Updating 
|  53|0x00000000c6700000, 0x00000000c6800000, 0x00000000c6800000|100%| O|  |TAMS 0x00000000c6800000, 0x00000000c6700000| Untracked 
|  54|0x00000000c6800000, 0x00000000c6900000, 0x00000000c6900000|100%| O|  |TAMS 0x00000000c6900000, 0x00000000c6800000| Untracked 
|  55|0x00000000c6900000, 0x00000000c6a00000, 0x00000000c6a00000|100%| O|  |TAMS 0x00000000c6a00000, 0x00000000c6900000| Untracked 
|  56|0x00000000c6a00000, 0x00000000c6b00000, 0x00000000c6b00000|100%| O|  |TAMS 0x00000000c6b00000, 0x00000000c6a00000| Updating 
|  57|0x00000000c6b00000, 0x00000000c6c00000, 0x00000000c6c00000|100%| O|  |TAMS 0x00000000c6c00000, 0x00000000c6b00000| Untracked 
|  58|0x00000000c6c00000, 0x00000000c6d00000, 0x00000000c6d00000|100%|HS|  |TAMS 0x00000000c6d00000, 0x00000000c6c00000| Complete 
|  59|0x00000000c6d00000, 0x00000000c6e00000, 0x00000000c6e00000|100%| O|  |TAMS 0x00000000c6e00000, 0x00000000c6d00000| Untracked 
|  60|0x00000000c6e00000, 0x00000000c6f00000, 0x00000000c6f00000|100%| O|  |TAMS 0x00000000c6f00000, 0x00000000c6e00000| Untracked 
|  61|0x00000000c6f00000, 0x00000000c7000000, 0x00000000c7000000|100%| O|  |TAMS 0x00000000c7000000, 0x00000000c6f00000| Updating 
|  62|0x00000000c7000000, 0x00000000c7100000, 0x00000000c7100000|100%| O|  |TAMS 0x00000000c7100000, 0x00000000c7000000| Updating 
|  63|0x00000000c7100000, 0x00000000c7200000, 0x00000000c7200000|100%| O|  |TAMS 0x00000000c7200000, 0x00000000c7100000| Updating 
|  64|0x00000000c7200000, 0x00000000c7300000, 0x00000000c7300000|100%| O|  |TAMS 0x00000000c7300000, 0x00000000c7200000| Updating 
|  65|0x00000000c7300000, 0x00000000c7400000, 0x00000000c7400000|100%| O|  |TAMS 0x00000000c7400000, 0x00000000c7300000| Updating 
|  66|0x00000000c7400000, 0x00000000c7500000, 0x00000000c7500000|100%| O|  |TAMS 0x00000000c7500000, 0x00000000c7400000| Updating 
|  67|0x00000000c7500000, 0x00000000c7600000, 0x00000000c7600000|100%| O|  |TAMS 0x00000000c7600000, 0x00000000c7500000| Updating 
|  68|0x00000000c7600000, 0x00000000c7700000, 0x00000000c7700000|100%| O|  |TAMS 0x00000000c76c6400, 0x00000000c7600000| Updating 
|  69|0x00000000c7700000, 0x00000000c7800000, 0x00000000c7800000|100%|HS|  |TAMS 0x00000000c7800000, 0x00000000c7700000| Complete 
|  70|0x00000000c7800000, 0x00000000c7900000, 0x00000000c7900000|100%|HC|  |TAMS 0x00000000c7900000, 0x00000000c7800000| Complete 
|  71|0x00000000c7900000, 0x00000000c7a00000, 0x00000000c7a00000|100%|HC|  |TAMS 0x00000000c7a00000, 0x00000000c7900000| Complete 
|  72|0x00000000c7a00000, 0x00000000c7b00000, 0x00000000c7b00000|100%|HC|  |TAMS 0x00000000c7b00000, 0x00000000c7a00000| Complete 
|  73|0x00000000c7b00000, 0x00000000c7c00000, 0x00000000c7c00000|100%|HC|  |TAMS 0x00000000c7c00000, 0x00000000c7b00000| Complete 
|  74|0x00000000c7c00000, 0x00000000c7d00000, 0x00000000c7d00000|100%|HS|  |TAMS 0x00000000c7d00000, 0x00000000c7c00000| Complete 
|  75|0x00000000c7d00000, 0x00000000c7e00000, 0x00000000c7e00000|100%|HC|  |TAMS 0x00000000c7e00000, 0x00000000c7d00000| Complete 
|  76|0x00000000c7e00000, 0x00000000c7f00000, 0x00000000c7f00000|100%|HC|  |TAMS 0x00000000c7f00000, 0x00000000c7e00000| Complete 
|  77|0x00000000c7f00000, 0x00000000c8000000, 0x00000000c8000000|100%|HC|  |TAMS 0x00000000c8000000, 0x00000000c7f00000| Complete 
|  78|0x00000000c8000000, 0x00000000c8100000, 0x00000000c8100000|100%|HC|  |TAMS 0x00000000c8100000, 0x00000000c8000000| Complete 
|  79|0x00000000c8100000, 0x00000000c8200000, 0x00000000c8200000|100%|HS|  |TAMS 0x00000000c8200000, 0x00000000c8100000| Complete 
|  80|0x00000000c8200000, 0x00000000c8300000, 0x00000000c8300000|100%|HC|  |TAMS 0x00000000c8300000, 0x00000000c8200000| Complete 
|  81|0x00000000c8300000, 0x00000000c8400000, 0x00000000c8400000|100%|HC|  |TAMS 0x00000000c8400000, 0x00000000c8300000| Complete 
|  82|0x00000000c8400000, 0x00000000c8500000, 0x00000000c8500000|100%|HC|  |TAMS 0x00000000c8500000, 0x00000000c8400000| Complete 
|  83|0x00000000c8500000, 0x00000000c8600000, 0x00000000c8600000|100%|HC|  |TAMS 0x00000000c8600000, 0x00000000c8500000| Complete 
|  84|0x00000000c8600000, 0x00000000c8700000, 0x00000000c8700000|100%|HS|  |TAMS 0x00000000c8700000, 0x00000000c8600000| Complete 
|  85|0x00000000c8700000, 0x00000000c8800000, 0x00000000c8800000|100%|HC|  |TAMS 0x00000000c8800000, 0x00000000c8700000| Complete 
|  86|0x00000000c8800000, 0x00000000c8900000, 0x00000000c8900000|100%|HC|  |TAMS 0x00000000c8900000, 0x00000000c8800000| Complete 
|  87|0x00000000c8900000, 0x00000000c8a00000, 0x00000000c8a00000|100%|HC|  |TAMS 0x00000000c8a00000, 0x00000000c8900000| Complete 
|  88|0x00000000c8a00000, 0x00000000c8b00000, 0x00000000c8b00000|100%|HC|  |TAMS 0x00000000c8b00000, 0x00000000c8a00000| Complete 
|  89|0x00000000c8b00000, 0x00000000c8bcb400, 0x00000000c8c00000| 79%| O|  |TAMS 0x00000000c8b00000, 0x00000000c8b00000| Updating 
|  90|0x00000000c8c00000, 0x00000000c8d00000, 0x00000000c8d00000|100%|HS|  |TAMS 0x00000000c8c00000, 0x00000000c8c00000| Complete 
|  91|0x00000000c8d00000, 0x00000000c8e00000, 0x00000000c8e00000|100%|HC|  |TAMS 0x00000000c8d00000, 0x00000000c8d00000| Complete 
|  92|0x00000000c8e00000, 0x00000000c8f00000, 0x00000000c8f00000|100%|HC|  |TAMS 0x00000000c8e00000, 0x00000000c8e00000| Complete 
|  93|0x00000000c8f00000, 0x00000000c9000000, 0x00000000c9000000|100%|HC|  |TAMS 0x00000000c8f00000, 0x00000000c8f00000| Complete 
|  94|0x00000000c9000000, 0x00000000c9100000, 0x00000000c9100000|100%|HC|  |TAMS 0x00000000c9000000, 0x00000000c9000000| Complete 
|  95|0x00000000c9100000, 0x00000000c9200000, 0x00000000c9200000|100%|HS|  |TAMS 0x00000000c9100000, 0x00000000c9100000| Complete 
|  96|0x00000000c9200000, 0x00000000c9300000, 0x00000000c9300000|100%|HC|  |TAMS 0x00000000c9200000, 0x00000000c9200000| Complete 
|  97|0x00000000c9300000, 0x00000000c9400000, 0x00000000c9400000|100%|HC|  |TAMS 0x00000000c9300000, 0x00000000c9300000| Complete 
|  98|0x00000000c9400000, 0x00000000c9500000, 0x00000000c9500000|100%|HC|  |TAMS 0x00000000c9400000, 0x00000000c9400000| Complete 
|  99|0x00000000c9500000, 0x00000000c9600000, 0x00000000c9600000|100%|HC|  |TAMS 0x00000000c9500000, 0x00000000c9500000| Complete 
| 100|0x00000000c9600000, 0x00000000c9600000, 0x00000000c9700000|  0%| F|  |TAMS 0x00000000c9600000, 0x00000000c9600000| Untracked 
| 101|0x00000000c9700000, 0x00000000c9700000, 0x00000000c9800000|  0%| F|  |TAMS 0x00000000c9700000, 0x00000000c9700000| Untracked 
| 102|0x00000000c9800000, 0x00000000c9800000, 0x00000000c9900000|  0%| F|  |TAMS 0x00000000c9800000, 0x00000000c9800000| Untracked 
| 103|0x00000000c9900000, 0x00000000c9900000, 0x00000000c9a00000|  0%| F|  |TAMS 0x00000000c9900000, 0x00000000c9900000| Untracked 
| 104|0x00000000c9a00000, 0x00000000c9a00000, 0x00000000c9b00000|  0%| F|  |TAMS 0x00000000c9a00000, 0x00000000c9a00000| Untracked 
| 105|0x00000000c9b00000, 0x00000000c9b00000, 0x00000000c9c00000|  0%| F|  |TAMS 0x00000000c9b00000, 0x00000000c9b00000| Untracked 
| 106|0x00000000c9c00000, 0x00000000c9c00000, 0x00000000c9d00000|  0%| F|  |TAMS 0x00000000c9c00000, 0x00000000c9c00000| Untracked 
| 107|0x00000000c9d00000, 0x00000000c9d00000, 0x00000000c9e00000|  0%| F|  |TAMS 0x00000000c9d00000, 0x00000000c9d00000| Untracked 
| 108|0x00000000c9e00000, 0x00000000c9e00000, 0x00000000c9f00000|  0%| F|  |TAMS 0x00000000c9e00000, 0x00000000c9e00000| Untracked 
| 109|0x00000000c9f00000, 0x00000000c9f00000, 0x00000000ca000000|  0%| F|  |TAMS 0x00000000c9f00000, 0x00000000c9f00000| Untracked 
| 110|0x00000000ca000000, 0x00000000ca000000, 0x00000000ca100000|  0%| F|  |TAMS 0x00000000ca000000, 0x00000000ca000000| Untracked 
| 111|0x00000000ca100000, 0x00000000ca100000, 0x00000000ca200000|  0%| F|  |TAMS 0x00000000ca100000, 0x00000000ca100000| Untracked 
| 112|0x00000000ca200000, 0x00000000ca200000, 0x00000000ca300000|  0%| F|  |TAMS 0x00000000ca200000, 0x00000000ca200000| Untracked 
| 113|0x00000000ca300000, 0x00000000ca300000, 0x00000000ca400000|  0%| F|  |TAMS 0x00000000ca300000, 0x00000000ca300000| Untracked 
| 114|0x00000000ca400000, 0x00000000ca400000, 0x00000000ca500000|  0%| F|  |TAMS 0x00000000ca400000, 0x00000000ca400000| Untracked 
| 115|0x00000000ca500000, 0x00000000ca54a890, 0x00000000ca600000| 29%| S|CS|TAMS 0x00000000ca500000, 0x00000000ca500000| Complete 
| 116|0x00000000ca600000, 0x00000000ca666af8, 0x00000000ca700000| 40%| E|  |TAMS 0x00000000ca600000, 0x00000000ca600000| Complete 
| 971|0x00000000ffd00000, 0x00000000ffe00000, 0x00000000ffe00000|100%| O|  |TAMS 0x00000000ffe00000, 0x00000000ffd00000| Updating 
| 972|0x00000000ffe00000, 0x00000000fff00000, 0x00000000fff00000|100%| O|  |TAMS 0x00000000fff00000, 0x00000000ffe00000| Updating 
| 973|0x00000000fff00000, 0x0000000100000000, 0x0000000100000000|100%| O|  |TAMS 0x0000000100000000, 0x00000000fff00000| Updating 

Card table byte_map: [0x000001c0d9190000,0x000001c0d9380000] _byte_map_base: 0x000001c0d8b77000

Marking Bits (Prev, Next): (CMBitMap*) 0x000001c0c291a4b0, (CMBitMap*) 0x000001c0c291a4f0
 Prev Bits: [0x000001c0d9570000, 0x000001c0da4a8000)
 Next Bits: [0x000001c0da4b0000, 0x000001c0db3e8000)

Polling page: 0x000001c0c20c0000

Metaspace:

Usage:
  Non-class:     27.85 MB used.
      Class:      3.46 MB used.
       Both:     31.32 MB used.

Virtual space:
  Non-class space:       64.00 MB reserved,      28.31 MB ( 44%) committed,  1 nodes.
      Class space:        1.00 GB reserved,       3.81 MB ( <1%) committed,  1 nodes.
             Both:        1.06 GB reserved,      32.12 MB (  3%) committed. 

Chunk freelists:
   Non-Class:  3.96 MB
       Class:  12.38 MB
        Both:  16.34 MB

MaxMetaspaceSize: unlimited
CompressedClassSpaceSize: 1.00 GB
Initial GC threshold: 21.00 MB
Current GC threshold: 49.94 MB
CDS: on
MetaspaceReclaimPolicy: balanced
 - commit_granule_bytes: 65536.
 - commit_granule_words: 8192.
 - virtual_space_node_default_size: 8388608.
 - enlarge_chunks_in_place: 1.
 - new_chunks_are_fully_committed: 0.
 - uncommit_free_chunks: 1.
 - use_allocation_guard: 0.
 - handle_deallocations: 1.


Internal statistics:

num_allocs_failed_limit: 3.
num_arena_births: 202.
num_arena_deaths: 6.
num_vsnodes_births: 2.
num_vsnodes_deaths: 0.
num_space_committed: 534.
num_space_uncommitted: 20.
num_chunks_returned_to_freelist: 80.
num_chunks_taken_from_freelist: 1441.
num_chunk_merges: 27.
num_chunk_splits: 1024.
num_chunks_enlarged: 809.
num_purges: 2.
num_inconsistent_stats: 0.

CodeHeap 'non-profiled nmethods': size=120064Kb used=5787Kb max_used=5787Kb free=114276Kb
 bounds [0x000001c0d1c50000, 0x000001c0d2200000, 0x000001c0d9190000]
CodeHeap 'profiled nmethods': size=120000Kb used=17720Kb max_used=17720Kb free=102279Kb
 bounds [0x000001c0ca190000, 0x000001c0cb2f0000, 0x000001c0d16c0000]
CodeHeap 'non-nmethods': size=5696Kb used=1238Kb max_used=1319Kb free=4457Kb
 bounds [0x000001c0d16c0000, 0x000001c0d1930000, 0x000001c0d1c50000]
 total_blobs=8022 nmethods=7470 adapters=465
 compilation: enabled
              stopped_count=0, restarted_count=0
 full_count=0

Compilation events (20 events):
Event: 285.374 Thread 0x000001c0dd688e90 8932       3       org.eclipse.sisu.inject.RankedSequence$Content::insert (149 bytes)
Event: 285.375 Thread 0x000001c0dd688e90 nmethod 8932 0x000001c0cb2d8b10 code [0x000001c0cb2d8d40, 0x000001c0cb2d9798]
Event: 285.375 Thread 0x000001c0dd688e90 8933       3       org.eclipse.sisu.inject.Implementations::adaptJsr250 (38 bytes)
Event: 285.376 Thread 0x000001c0dd688e90 nmethod 8933 0x000001c0cb2d9b10 code [0x000001c0cb2d9d20, 0x000001c0cb2da4d8]
Event: 286.363 Thread 0x000001c0dd619a80 8934   !   4       java.lang.ClassLoader::loadClass (121 bytes)
Event: 288.483 Thread 0x000001c0dd619a80 nmethod 8934 0x000001c0d21d5190 code [0x000001c0d21d5ce0, 0x000001c0d21e87e8]
Event: 288.581 Thread 0x000001c0dd688e90 8936       3       java.io.File::length (33 bytes)
Event: 288.582 Thread 0x000001c0dd688e90 nmethod 8936 0x000001c0cb2da790 code [0x000001c0cb2da980, 0x000001c0cb2dad88]
Event: 288.726 Thread 0x000001c0dd688e90 8937   !   3       java.util.jar.JarFile::getManifestFromReference (197 bytes)
Event: 288.729 Thread 0x000001c0dd688e90 nmethod 8937 0x000001c0cb2daf10 code [0x000001c0cb2db220, 0x000001c0cb2dc6b8]
Event: 288.754 Thread 0x000001c0dd688e90 8938       3       java.net.URLClassLoader::isSealed (72 bytes)
Event: 288.758 Thread 0x000001c0dd688e90 nmethod 8938 0x000001c0cb2dce10 code [0x000001c0cb2dd220, 0x000001c0cb2deec8]
Event: 289.020 Thread 0x000001c0dd619a80 8939       4       java.nio.CharBuffer::position (6 bytes)
Event: 289.021 Thread 0x000001c0dd619a80 nmethod 8939 0x000001c0d21f6690 code [0x000001c0d21f6800, 0x000001c0d21f68d8]
Event: 289.029 Thread 0x000001c0dd688e90 8940       3       java.nio.Buffer::nextGetIndex (30 bytes)
Event: 289.029 Thread 0x000001c0dd688e90 nmethod 8940 0x000001c0cb2df990 code [0x000001c0cb2dfb40, 0x000001c0cb2dfd08]
Event: 289.031 Thread 0x000001c0dd619a80 8941       4       java.nio.Buffer::hasRemaining (17 bytes)
Event: 289.031 Thread 0x000001c0dd619a80 nmethod 8941 0x000001c0d21f6a10 code [0x000001c0d21f6b80, 0x000001c0d21f6c18]
Event: 289.032 Thread 0x000001c0dd688e90 8942       3       java.nio.StringCharBuffer::get (19 bytes)
Event: 289.032 Thread 0x000001c0dd688e90 nmethod 8942 0x000001c0cb2dfe10 code [0x000001c0cb2dffe0, 0x000001c0cb2e02f8]

GC Heap History (20 events):
Event: 248.226 GC heap before
{Heap before GC invocations=32 (full 0):
 garbage-first heap   total 116736K, used 78749K [0x00000000c3200000, 0x0000000100000000)
  region size 1024K, 13 young (13312K), 2 survivors (2048K)
 Metaspace       used 27762K, committed 28160K, reserved 1114112K
  class space    used 3050K, committed 3264K, reserved 1048576K
}
Event: 248.239 GC heap after
{Heap after GC invocations=33 (full 0):
 garbage-first heap   total 116736K, used 69861K [0x00000000c3200000, 0x0000000100000000)
  region size 1024K, 2 young (2048K), 2 survivors (2048K)
 Metaspace       used 27762K, committed 28160K, reserved 1114112K
  class space    used 3050K, committed 3264K, reserved 1048576K
}
Event: 249.035 GC heap before
{Heap before GC invocations=33 (full 0):
 garbage-first heap   total 116736K, used 71909K [0x00000000c3200000, 0x0000000100000000)
  region size 1024K, 5 young (5120K), 2 survivors (2048K)
 Metaspace       used 27928K, committed 28288K, reserved 1114112K
  class space    used 3067K, committed 3264K, reserved 1048576K
}
Event: 249.043 GC heap after
{Heap after GC invocations=34 (full 0):
 garbage-first heap   total 116736K, used 69511K [0x00000000c3200000, 0x0000000100000000)
  region size 1024K, 1 young (1024K), 1 survivors (1024K)
 Metaspace       used 27928K, committed 28288K, reserved 1114112K
  class space    used 3067K, committed 3264K, reserved 1048576K
}
Event: 252.670 GC heap before
{Heap before GC invocations=34 (full 0):
 garbage-first heap   total 116736K, used 87943K [0x00000000c3200000, 0x0000000100000000)
  region size 1024K, 20 young (20480K), 1 survivors (1024K)
 Metaspace       used 28921K, committed 29312K, reserved 1114112K
  class space    used 3188K, committed 3392K, reserved 1048576K
}
Event: 252.672 GC heap after
{Heap after GC invocations=35 (full 0):
 garbage-first heap   total 116736K, used 69708K [0x00000000c3200000, 0x0000000100000000)
  region size 1024K, 1 young (1024K), 1 survivors (1024K)
 Metaspace       used 28921K, committed 29312K, reserved 1114112K
  class space    used 3188K, committed 3392K, reserved 1048576K
}
Event: 256.100 GC heap before
{Heap before GC invocations=36 (full 0):
 garbage-first heap   total 119808K, used 90188K [0x00000000c3200000, 0x0000000100000000)
  region size 1024K, 21 young (21504K), 1 survivors (1024K)
 Metaspace       used 29279K, committed 29632K, reserved 1114112K
  class space    used 3213K, committed 3392K, reserved 1048576K
}
Event: 256.104 GC heap after
{Heap after GC invocations=37 (full 0):
 garbage-first heap   total 119808K, used 69788K [0x00000000c3200000, 0x0000000100000000)
  region size 1024K, 1 young (1024K), 1 survivors (1024K)
 Metaspace       used 29279K, committed 29632K, reserved 1114112K
  class space    used 3213K, committed 3392K, reserved 1048576K
}
Event: 256.873 GC heap before
{Heap before GC invocations=37 (full 0):
 garbage-first heap   total 119808K, used 73884K [0x00000000c3200000, 0x0000000100000000)
  region size 1024K, 5 young (5120K), 1 survivors (1024K)
 Metaspace       used 29347K, committed 29696K, reserved 1114112K
  class space    used 3215K, committed 3392K, reserved 1048576K
}
Event: 256.881 GC heap after
{Heap after GC invocations=38 (full 0):
 garbage-first heap   total 119808K, used 69607K [0x00000000c3200000, 0x0000000100000000)
  region size 1024K, 1 young (1024K), 1 survivors (1024K)
 Metaspace       used 29347K, committed 29696K, reserved 1114112K
  class space    used 3215K, committed 3392K, reserved 1048576K
}
Event: 262.342 GC heap before
{Heap before GC invocations=38 (full 0):
 garbage-first heap   total 119808K, used 94183K [0x00000000c3200000, 0x0000000100000000)
  region size 1024K, 25 young (25600K), 1 survivors (1024K)
 Metaspace       used 30311K, committed 30656K, reserved 1114112K
  class space    used 3341K, committed 3520K, reserved 1048576K
}
Event: 262.351 GC heap after
{Heap after GC invocations=39 (full 0):
 garbage-first heap   total 119808K, used 71848K [0x00000000c3200000, 0x0000000100000000)
  region size 1024K, 2 young (2048K), 2 survivors (2048K)
 Metaspace       used 30311K, committed 30656K, reserved 1114112K
  class space    used 3341K, committed 3520K, reserved 1048576K
}
Event: 280.932 GC heap before
{Heap before GC invocations=40 (full 0):
 garbage-first heap   total 122880K, used 95400K [0x00000000c3200000, 0x0000000100000000)
  region size 1024K, 26 young (26624K), 2 survivors (2048K)
 Metaspace       used 31127K, committed 31488K, reserved 1114112K
  class space    used 3382K, committed 3584K, reserved 1048576K
}
Event: 280.945 GC heap after
{Heap after GC invocations=41 (full 0):
 garbage-first heap   total 122880K, used 73051K [0x00000000c3200000, 0x0000000100000000)
  region size 1024K, 4 young (4096K), 4 survivors (4096K)
 Metaspace       used 31127K, committed 31488K, reserved 1114112K
  class space    used 3382K, committed 3584K, reserved 1048576K
}
Event: 281.342 GC heap before
{Heap before GC invocations=41 (full 0):
 garbage-first heap   total 122880K, used 74075K [0x00000000c3200000, 0x0000000100000000)
  region size 1024K, 6 young (6144K), 4 survivors (4096K)
 Metaspace       used 31339K, committed 31680K, reserved 1114112K
  class space    used 3407K, committed 3584K, reserved 1048576K
}
Event: 281.355 GC heap after
{Heap after GC invocations=42 (full 0):
 garbage-first heap   total 122880K, used 73268K [0x00000000c3200000, 0x0000000100000000)
  region size 1024K, 1 young (1024K), 1 survivors (1024K)
 Metaspace       used 31339K, committed 31680K, reserved 1114112K
  class space    used 3407K, committed 3584K, reserved 1048576K
}
Event: 288.995 GC heap before
{Heap before GC invocations=42 (full 0):
 garbage-first heap   total 122880K, used 116276K [0x00000000c3200000, 0x0000000100000000)
  region size 1024K, 24 young (24576K), 1 survivors (1024K)
 Metaspace       used 33769K, committed 34112K, reserved 1114112K
  class space    used 3735K, committed 3904K, reserved 1048576K
}
Event: 289.002 GC heap after
{Heap after GC invocations=43 (full 0):
 garbage-first heap   total 122880K, used 95033K [0x00000000c3200000, 0x0000000100000000)
  region size 1024K, 3 young (3072K), 3 survivors (3072K)
 Metaspace       used 33769K, committed 34112K, reserved 1114112K
  class space    used 3735K, committed 3904K, reserved 1048576K
}
Event: 289.004 GC heap before
{Heap before GC invocations=43 (full 0):
 garbage-first heap   total 122880K, used 95033K [0x00000000c3200000, 0x0000000100000000)
  region size 1024K, 4 young (4096K), 3 survivors (3072K)
 Metaspace       used 33770K, committed 34112K, reserved 1114112K
  class space    used 3735K, committed 3904K, reserved 1048576K
}
Event: 289.010 GC heap after
{Heap after GC invocations=44 (full 0):
 garbage-first heap   total 122880K, used 95319K [0x00000000c3200000, 0x0000000100000000)
  region size 1024K, 1 young (1024K), 1 survivors (1024K)
 Metaspace       used 33770K, committed 34112K, reserved 1114112K
  class space    used 3735K, committed 3904K, reserved 1048576K
}

Deoptimization events (20 events):
Event: 285.727 Thread 0x000001c0c28df8c0 Uncommon trap: trap_request=0xffffff45 fr.pc=0x000001c0d2108a4c relative=0x000000000000022c
Event: 285.727 Thread 0x000001c0c28df8c0 Uncommon trap: reason=unstable_if action=reinterpret pc=0x000001c0d2108a4c method=java.lang.StringLatin1.lastIndexOf([BI[BII)I @ 86 c2
Event: 285.727 Thread 0x000001c0c28df8c0 DEOPT PACKING pc=0x000001c0d2108a4c sp=0x000000a8ad3fcfc0
Event: 285.727 Thread 0x000001c0c28df8c0 DEOPT UNPACKING pc=0x000001c0d171239d sp=0x000000a8ad3fce20 mode 2
Event: 285.734 Thread 0x000001c0c28df8c0 Uncommon trap: trap_request=0xffffffc6 fr.pc=0x000001c0d2126358 relative=0x0000000000000c38
Event: 285.734 Thread 0x000001c0c28df8c0 Uncommon trap: reason=bimorphic_or_optimized_type_check action=maybe_recompile pc=0x000001c0d2126358 method=java.util.ArrayList.indexOfRange(Ljava/lang/Object;II)I @ 54 c2
Event: 285.734 Thread 0x000001c0c28df8c0 DEOPT PACKING pc=0x000001c0d2126358 sp=0x000000a8ad3fd4a0
Event: 285.734 Thread 0x000001c0c28df8c0 DEOPT UNPACKING pc=0x000001c0d171239d sp=0x000000a8ad3fd448 mode 2
Event: 285.745 Thread 0x000001c0c28df8c0 Uncommon trap: trap_request=0xffffffc6 fr.pc=0x000001c0d2126358 relative=0x0000000000000c38
Event: 285.745 Thread 0x000001c0c28df8c0 Uncommon trap: reason=bimorphic_or_optimized_type_check action=maybe_recompile pc=0x000001c0d2126358 method=java.util.ArrayList.indexOfRange(Ljava/lang/Object;II)I @ 54 c2
Event: 285.745 Thread 0x000001c0c28df8c0 DEOPT PACKING pc=0x000001c0d2126358 sp=0x000000a8ad3fd4a0
Event: 285.745 Thread 0x000001c0c28df8c0 DEOPT UNPACKING pc=0x000001c0d171239d sp=0x000000a8ad3fd448 mode 2
Event: 285.745 Thread 0x000001c0c28df8c0 Uncommon trap: trap_request=0xffffffc6 fr.pc=0x000001c0d2126358 relative=0x0000000000000c38
Event: 285.745 Thread 0x000001c0c28df8c0 Uncommon trap: reason=bimorphic_or_optimized_type_check action=maybe_recompile pc=0x000001c0d2126358 method=java.util.ArrayList.indexOfRange(Ljava/lang/Object;II)I @ 54 c2
Event: 285.745 Thread 0x000001c0c28df8c0 DEOPT PACKING pc=0x000001c0d2126358 sp=0x000000a8ad3fd4a0
Event: 285.745 Thread 0x000001c0c28df8c0 DEOPT UNPACKING pc=0x000001c0d171239d sp=0x000000a8ad3fd448 mode 2
Event: 285.746 Thread 0x000001c0c28df8c0 Uncommon trap: trap_request=0xffffffc6 fr.pc=0x000001c0d2126358 relative=0x0000000000000c38
Event: 285.746 Thread 0x000001c0c28df8c0 Uncommon trap: reason=bimorphic_or_optimized_type_check action=maybe_recompile pc=0x000001c0d2126358 method=java.util.ArrayList.indexOfRange(Ljava/lang/Object;II)I @ 54 c2
Event: 285.746 Thread 0x000001c0c28df8c0 DEOPT PACKING pc=0x000001c0d2126358 sp=0x000000a8ad3fd4a0
Event: 285.746 Thread 0x000001c0c28df8c0 DEOPT UNPACKING pc=0x000001c0d171239d sp=0x000000a8ad3fd448 mode 2

Classes unloaded (20 events):
Event: 289.407 Thread 0x000001c0dd5f7c20 Unloading class 0x000001c0df327368 'com/google/common/collect/Maps$BiMapConverter'
Event: 289.407 Thread 0x000001c0dd5f7c20 Unloading class 0x000001c0df3270d0 'com/google/common/base/Converter'
Event: 289.407 Thread 0x000001c0dd5f7c20 Unloading class 0x000001c0df326ed8 'com/google/common/collect/Maps$EntryTransformer'
Event: 289.407 Thread 0x000001c0dd5f7c20 Unloading class 0x000001c0df326b28 'com/google/common/collect/ImmutableEnumMap'
Event: 289.407 Thread 0x000001c0dd5f7c20 Unloading class 0x000001c0df326778 'com/google/common/collect/ImmutableMap$IteratorBasedImmutableMap'
Event: 289.407 Thread 0x000001c0dd5f7c20 Unloading class 0x000001c0df3263f0 'com/google/common/collect/ImmutableMap'
Event: 289.407 Thread 0x000001c0dd5f7c20 Unloading class 0x000001c0df3261f8 'com/google/common/base/Function'
Event: 289.407 Thread 0x000001c0dd5f7c20 Unloading class 0x000001c0df326000 'com/google/common/collect/SortedMapDifference'
Event: 289.407 Thread 0x000001c0dd5f7c20 Unloading class 0x000001c0df325d60 'com/google/common/collect/MapDifference'
Event: 289.408 Thread 0x000001c0dd5f7c20 Unloading class 0x000001c0df325b60 'com/google/common/collect/Maps'
Event: 289.408 Thread 0x000001c0dd5f7c20 Unloading class 0x000001c0df325960 'com/google/common/collect/Platform'
Event: 289.408 Thread 0x000001c0dd5f7c20 Unloading class 0x000001c0df325768 'com/google/common/collect/Multiset'
Event: 289.408 Thread 0x000001c0dd5f7c20 Unloading class 0x000001c0df325230 'com/google/common/collect/HashMultimap'
Event: 289.408 Thread 0x000001c0dd5f7c20 Unloading class 0x000001c0df324cf8 'com/google/common/collect/HashMultimapGwtSerializationDependencies'
Event: 289.408 Thread 0x000001c0dd5f7c20 Unloading class 0x000001c0df3247c0 'com/google/common/collect/AbstractSetMultimap'
Event: 289.408 Thread 0x000001c0dd5f7c20 Unloading class 0x000001c0df3243a0 'com/google/common/collect/AbstractMapBasedMultimap'
Event: 289.408 Thread 0x000001c0dd5f7c20 Unloading class 0x000001c0df324000 'com/google/common/collect/AbstractMultimap'
Event: 289.408 Thread 0x000001c0dd5f7c20 Unloading class 0x000001c0df2f8488 'com/google/common/collect/SetMultimap'
Event: 289.408 Thread 0x000001c0dd5f7c20 Unloading class 0x000001c0df2f8290 'com/google/common/collect/Multimap'
Event: 289.408 Thread 0x000001c0dd5f7c20 Unloading class 0x000001c0df2f8000 'com/google/auto/service/processor/AutoServiceProcessor'

Classes redefined (0 events):
No events

Internal exceptions (20 events):
Event: 274.262 Thread 0x000001c0c28df8c0 Exception <a 'sun/nio/fs/WindowsException'{0x00000000c9b6e880}> (0x00000000c9b6e880) 
thrown [s\open\src\hotspot\share\prims\jni.cpp, line 516]
Event: 274.262 Thread 0x000001c0c28df8c0 Exception <a 'sun/nio/fs/WindowsException'{0x00000000c9b6ef18}> (0x00000000c9b6ef18) 
thrown [s\open\src\hotspot\share\prims\jni.cpp, line 516]
Event: 274.262 Thread 0x000001c0c28df8c0 Exception <a 'sun/nio/fs/WindowsException'{0x00000000c9b6f6e8}> (0x00000000c9b6f6e8) 
thrown [s\open\src\hotspot\share\prims\jni.cpp, line 516]
Event: 275.668 Thread 0x000001c0c28df8c0 Exception <a 'sun/nio/fs/WindowsException'{0x00000000c9b8fb40}> (0x00000000c9b8fb40) 
thrown [s\open\src\hotspot\share\prims\jni.cpp, line 516]
Event: 275.670 Thread 0x000001c0c28df8c0 Exception <a 'sun/nio/fs/WindowsException'{0x00000000c9b90208}> (0x00000000c9b90208) 
thrown [s\open\src\hotspot\share\prims\jni.cpp, line 516]
Event: 275.670 Thread 0x000001c0c28df8c0 Exception <a 'sun/nio/fs/WindowsException'{0x00000000c9b90ae0}> (0x00000000c9b90ae0) 
thrown [s\open\src\hotspot\share\prims\jni.cpp, line 516]
Event: 275.868 Thread 0x000001c0c28df8c0 Exception <a 'sun/nio/fs/WindowsException'{0x00000000c9bae2d0}> (0x00000000c9bae2d0) 
thrown [s\open\src\hotspot\share\prims\jni.cpp, line 516]
Event: 275.868 Thread 0x000001c0c28df8c0 Exception <a 'sun/nio/fs/WindowsException'{0x00000000c9bae988}> (0x00000000c9bae988) 
thrown [s\open\src\hotspot\share\prims\jni.cpp, line 516]
Event: 275.868 Thread 0x000001c0c28df8c0 Exception <a 'sun/nio/fs/WindowsException'{0x00000000c9baf208}> (0x00000000c9baf208) 
thrown [s\open\src\hotspot\share\prims\jni.cpp, line 516]
Event: 281.147 Thread 0x000001c0c28df8c0 Exception <a 'java/lang/NoClassDefFoundError'{0x00000000ca5a8168}: org/sonatype/aether/deployment/DeploymentException> (0x00000000ca5a8168) 
thrown [s\open\src\hotspot\share\classfile\systemDictionary.cpp, line 245]
Event: 281.358 Thread 0x000001c0c28df8c0 Exception <a 'java/lang/NoClassDefFoundError'{0x00000000ca611f08}: org/sonatype/aether/collection/DependencyCollectionException> (0x00000000ca611f08) 
thrown [s\open\src\hotspot\share\classfile\systemDictionary.cpp, line 245]
Event: 281.415 Thread 0x000001c0c28df8c0 Exception <a 'java/lang/NoClassDefFoundError'{0x00000000ca686a10}: org/sonatype/aether/installation/InstallationException> (0x00000000ca686a10) 
thrown [s\open\src\hotspot\share\classfile\systemDictionary.cpp, line 245]
Event: 281.486 Thread 0x000001c0c28df8c0 Exception <a 'java/lang/NoClassDefFoundError'{0x00000000ca6987b8}: org/sonatype/aether/metadata/Metadata> (0x00000000ca6987b8) 
thrown [s\open\src\hotspot\share\classfile\systemDictionary.cpp, line 245]
Event: 281.488 Thread 0x000001c0c28df8c0 Exception <a 'java/lang/NoClassDefFoundError'{0x00000000ca6a4180}: org/sonatype/aether/resolution/ArtifactDescriptorException> (0x00000000ca6a4180) 
thrown [s\open\src\hotspot\share\classfile\systemDictionary.cpp, line 245]
Event: 281.491 Thread 0x000001c0c28df8c0 Exception <a 'java/lang/NoClassDefFoundError'{0x00000000ca6b4910}: org/sonatype/aether/resolution/ArtifactResolutionException> (0x00000000ca6b4910) 
thrown [s\open\src\hotspot\share\classfile\systemDictionary.cpp, line 245]
Event: 281.505 Thread 0x000001c0c28df8c0 Exception <a 'java/lang/NoClassDefFoundError'{0x00000000ca6e0e20}: org/sonatype/aether/metadata/Metadata> (0x00000000ca6e0e20) 
thrown [s\open\src\hotspot\share\classfile\systemDictionary.cpp, line 245]
Event: 281.829 Thread 0x000001c125b3a030 Exception <a 'java/lang/NoSuchMethodError'{0x00000000ca1943e8}: 'java.lang.Object java.lang.invoke.DirectMethodHandle$Holder.invokeStaticInit(java.lang.Object, java.lang.Object, long, java.lang.Object)'> (0x00000000ca1943e8) 
thrown [s\open\src\hotspot\share\interpreter\linkResolver.cpp, line 759]
Event: 281.830 Thread 0x000001c125b3a030 Exception <a 'java/lang/NoSuchMethodError'{0x00000000ca19ab28}: 'java.lang.Object java.lang.invoke.DirectMethodHandle$Holder.newInvokeSpecial(java.lang.Object, java.lang.Object, long)'> (0x00000000ca19ab28) 
thrown [s\open\src\hotspot\share\interpreter\linkResolver.cpp, line 759]
Event: 281.831 Thread 0x000001c125b3a030 Exception <a 'java/lang/NoSuchMethodError'{0x00000000ca19e698}: 'java.lang.Object java.lang.invoke.Invokers$Holder.linkToTargetMethod(java.lang.Object, long, java.lang.Object)'> (0x00000000ca19e698) 
thrown [s\open\src\hotspot\share\interpreter\linkResolver.cpp, line 759]
Event: 286.766 Thread 0x000001c0c28df8c0 Exception <a 'java/lang/NoSuchMethodError'{0x00000000c90e1638}: 'void java.lang.invoke.DirectMethodHandle$Holder.invokeStaticInit(java.lang.Object, java.lang.Object)'> (0x00000000c90e1638) 
thrown [s\open\src\hotspot\share\interpreter\linkResolver.cpp, line 759]

VM Operations (20 events):
Event: 284.194 Executing VM operation: HandshakeAllThreads done
Event: 285.205 Executing VM operation: Cleanup
Event: 285.338 Executing VM operation: Cleanup done
Event: 285.658 Executing VM operation: HandshakeAllThreads
Event: 285.658 Executing VM operation: HandshakeAllThreads done
Event: 286.661 Executing VM operation: Cleanup
Event: 286.696 Executing VM operation: Cleanup done
Event: 288.566 Executing VM operation: HandshakeAllThreads
Event: 288.566 Executing VM operation: HandshakeAllThreads done
Event: 288.763 Executing VM operation: HandshakeAllThreads
Event: 288.994 Executing VM operation: HandshakeAllThreads done
Event: 288.994 Executing VM operation: Cleanup
Event: 288.995 Executing VM operation: Cleanup done
Event: 288.995 Executing VM operation: G1CollectForAllocation
Event: 289.002 Executing VM operation: G1CollectForAllocation done
Event: 289.003 Executing VM operation: HandshakeAllThreads
Event: 289.003 Executing VM operation: HandshakeAllThreads done
Event: 289.004 Executing VM operation: G1TryInitiateConcMark
Event: 289.014 Executing VM operation: G1TryInitiateConcMark done
Event: 289.137 Executing VM operation: G1Concurrent

Events (20 events):
Event: 288.572 loading class java/io/DataOutputStream
Event: 288.574 loading class java/io/DataOutputStream done
Event: 288.586 loading class java/util/concurrent/ThreadPoolExecutor$Worker
Event: 288.720 loading class java/util/concurrent/ThreadPoolExecutor$Worker done
Event: 288.720 loading class java/lang/Thread$State
Event: 288.720 loading class java/lang/Thread$State done
Event: 288.721 Thread 0x000001c125b3d520 Thread added: 0x000001c125b3d520
Event: 288.722 Thread 0x000001c125b3a500 Thread added: 0x000001c125b3a500
Event: 288.722 loading class java/util/concurrent/ConcurrentLinkedQueue$Itr
Event: 288.723 loading class java/util/concurrent/ConcurrentLinkedQueue$Itr done
Event: 288.761 loading class java/nio/StringCharBuffer
Event: 288.762 loading class java/nio/StringCharBuffer done
Event: 289.033 loading class java/util/concurrent/ConcurrentLinkedDeque$Itr
Event: 289.033 loading class java/util/concurrent/ConcurrentLinkedDeque$AbstractItr
Event: 289.035 loading class java/util/concurrent/locks/AbstractQueuedSynchronizer$ConditionNode
Event: 289.046 loading class java/util/concurrent/locks/AbstractQueuedSynchronizer$ExclusiveNode
Event: 289.384 loading class java/util/concurrent/ConcurrentLinkedDeque$AbstractItr done
Event: 289.384 loading class java/util/concurrent/ConcurrentLinkedDeque$Itr done
Event: 289.386 loading class java/util/concurrent/locks/AbstractQueuedSynchronizer$ExclusiveNode done
Event: 289.386 loading class java/util/concurrent/locks/AbstractQueuedSynchronizer$ConditionNode done


Dynamic libraries:
0x00007ff7b6f40000 - 0x00007ff7b6f50000 	C:\Program Files\Java\jdk-17\bin\java.exe
0x00007ff967050000 - 0x00007ff967248000 	C:\Windows\SYSTEM32\ntdll.dll
0x00007ff966bf0000 - 0x00007ff966cad000 	C:\Windows\System32\KERNEL32.DLL
0x00007ff964970000 - 0x00007ff964c66000 	C:\Windows\System32\KERNELBASE.dll
0x00007ff964fb0000 - 0x00007ff9650b0000 	C:\Windows\System32\ucrtbase.dll
0x00007ff959420000 - 0x00007ff959439000 	C:\Program Files\Java\jdk-17\bin\jli.dll
0x00007ff9659b0000 - 0x00007ff965a5f000 	C:\Windows\System32\ADVAPI32.dll
0x00007ff965470000 - 0x00007ff96550e000 	C:\Windows\System32\msvcrt.dll
0x00007ff9653c0000 - 0x00007ff96545c000 	C:\Windows\System32\sechost.dll
0x00007ff9650b0000 - 0x00007ff9651d6000 	C:\Windows\System32\RPCRT4.dll
0x00007ff965a80000 - 0x00007ff965c1e000 	C:\Windows\System32\USER32.dll
0x00007ff9647e0000 - 0x00007ff964802000 	C:\Windows\System32\win32u.dll
0x00007ff965de0000 - 0x00007ff965e0c000 	C:\Windows\System32\GDI32.dll
0x00007ff964c70000 - 0x00007ff964d8a000 	C:\Windows\System32\gdi32full.dll
0x00007ff9648a0000 - 0x00007ff96493d000 	C:\Windows\System32\msvcp_win.dll
0x00007ff9590c0000 - 0x00007ff9590db000 	C:\Program Files\Java\jdk-17\bin\VCRUNTIME140.dll
0x00007ff957c30000 - 0x00007ff957eca000 	C:\Windows\WinSxS\amd64_microsoft.windows.common-controls_6595b64144ccf1df_6.0.19041.3636_none_60b6a03d71f818d5\COMCTL32.dll
0x00007ff955400000 - 0x00007ff95540a000 	C:\Windows\SYSTEM32\VERSION.dll
0x00007ff965860000 - 0x00007ff965890000 	C:\Windows\System32\IMM32.DLL
0x00007ff95bcd0000 - 0x00007ff95bcdc000 	C:\Program Files\Java\jdk-17\bin\vcruntime140_1.dll
0x00007ff9513c0000 - 0x00007ff95144e000 	C:\Program Files\Java\jdk-17\bin\msvcp140.dll
0x00007ff917120000 - 0x00007ff917cfe000 	C:\Program Files\Java\jdk-17\bin\server\jvm.dll
0x00007ff965e10000 - 0x00007ff965e18000 	C:\Windows\System32\PSAPI.DLL
0x00007ff952f80000 - 0x00007ff952f89000 	C:\Windows\SYSTEM32\WSOCK32.dll
0x00007ff965890000 - 0x00007ff9658fb000 	C:\Windows\System32\WS2_32.dll
0x00007ff952780000 - 0x00007ff9527a7000 	C:\Windows\SYSTEM32\WINMM.dll
0x00007ff9625f0000 - 0x00007ff962602000 	C:\Windows\SYSTEM32\kernel.appcore.dll
0x00007ff9593f0000 - 0x00007ff9593fa000 	C:\Program Files\Java\jdk-17\bin\jimage.dll
0x00007ff9527b0000 - 0x00007ff952994000 	C:\Windows\SYSTEM32\DBGHELP.DLL
0x00007ff953ae0000 - 0x00007ff953b14000 	C:\Windows\SYSTEM32\dbgcore.DLL
0x00007ff964810000 - 0x00007ff964892000 	C:\Windows\System32\bcryptPrimitives.dll
0x00007ff956ca0000 - 0x00007ff956cc5000 	C:\Program Files\Java\jdk-17\bin\java.dll
0x00007ff944820000 - 0x00007ff9448f7000 	C:\Program Files\Java\jdk-17\bin\jsvml.dll
0x00007ff9664a0000 - 0x00007ff966be4000 	C:\Windows\System32\SHELL32.dll
0x00007ff9627f0000 - 0x00007ff962f8b000 	C:\Windows\SYSTEM32\windows.storage.dll
0x00007ff966cb0000 - 0x00007ff967004000 	C:\Windows\System32\combase.dll
0x00007ff9640a0000 - 0x00007ff9640cd000 	C:\Windows\SYSTEM32\Wldp.dll
0x00007ff9652b0000 - 0x00007ff96535d000 	C:\Windows\System32\SHCORE.dll
0x00007ff965510000 - 0x00007ff965565000 	C:\Windows\System32\shlwapi.dll
0x00007ff964660000 - 0x00007ff964685000 	C:\Windows\SYSTEM32\profapi.dll
0x00007ff958100000 - 0x00007ff958119000 	C:\Program Files\Java\jdk-17\bin\net.dll
0x00007ff95b4a0000 - 0x00007ff95b5aa000 	C:\Windows\SYSTEM32\WINHTTP.dll
0x00007ff963e00000 - 0x00007ff963e6a000 	C:\Windows\system32\mswsock.dll
0x00007ff9565b0000 - 0x00007ff9565c6000 	C:\Program Files\Java\jdk-17\bin\nio.dll
0x00007ff9564d0000 - 0x00007ff9564e8000 	C:\Program Files\Java\jdk-17\bin\zip.dll
0x0000000069ac0000 - 0x0000000069ae4000 	C:\Program Files\apache-maven-3.9.4\lib\jansi-native\Windows\x86_64\jansi.dll
0x00007ff9590b0000 - 0x00007ff9590c0000 	C:\Program Files\Java\jdk-17\bin\verify.dll
0x00007ff963850000 - 0x00007ff963883000 	C:\Windows\SYSTEM32\ntmarta.dll

dbghelp: loaded successfully - version: 4.0.5 - missing functions: none
symbol engine: initialized successfully - sym options: 0x614 - pdb path: .;C:\Program Files\Java\jdk-17\bin;C:\Windows\SYSTEM32;C:\Windows\WinSxS\amd64_microsoft.windows.common-controls_6595b64144ccf1df_6.0.19041.3636_none_60b6a03d71f818d5;C:\Program Files\Java\jdk-17\bin\server;C:\Program Files\apache-maven-3.9.4\lib\jansi-native\Windows\x86_64

VM Arguments:
jvm_args: -Dclassworlds.conf=C:\Program Files\apache-maven-3.9.4\bin\m2.conf -Dmaven.home=C:\Program Files\apache-maven-3.9.4 -Dlibrary.jansi.path=C:\Program Files\apache-maven-3.9.4\lib\jansi-native -Dmaven.multiModuleProjectDirectory=C:\Users\User\IdeaProjects\API-capstone-ECAT 
java_command: org.codehaus.plexus.classworlds.launcher.Launcher clean verify -Dtags=@AdminDeleteNews
java_class_path (initial): C:\Program Files\apache-maven-3.9.4\boot\plexus-classworlds-2.7.0.jar
Launcher Type: SUN_STANDARD

[Global flags]
     intx CICompilerCount                          = 2                                         {product} {ergonomic}
     uint ConcGCThreads                            = 1                                         {product} {ergonomic}
     uint G1ConcRefinementThreads                  = 2                                         {product} {ergonomic}
   size_t G1HeapRegionSize                         = 1048576                                   {product} {ergonomic}
    uintx GCDrainStackTargetSize                   = 64                                        {product} {ergonomic}
   size_t InitialHeapSize                          = 65011712                                  {product} {ergonomic}
   size_t MarkStackSize                            = 4194304                                   {product} {ergonomic}
   size_t MaxHeapSize                              = 1021313024                                {product} {ergonomic}
   size_t MaxNewSize                               = 612368384                                 {product} {ergonomic}
   size_t MinHeapDeltaBytes                        = 1048576                                   {product} {ergonomic}
   size_t MinHeapSize                              = 8388608                                   {product} {ergonomic}
    uintx NonNMethodCodeHeapSize                   = 5826188                                {pd product} {ergonomic}
    uintx NonProfiledCodeHeapSize                  = 122916026                              {pd product} {ergonomic}
    uintx ProfiledCodeHeapSize                     = 122916026                              {pd product} {ergonomic}
    uintx ReservedCodeCacheSize                    = 251658240                              {pd product} {ergonomic}
     bool SegmentedCodeCache                       = true                                      {product} {ergonomic}
   size_t SoftMaxHeapSize                          = 1021313024                             {manageable} {ergonomic}
     bool UseCompressedClassPointers               = true                           {product lp64_product} {ergonomic}
     bool UseCompressedOops                        = true                           {product lp64_product} {ergonomic}
     bool UseG1GC                                  = true                                      {product} {ergonomic}
     bool UseLargePagesIndividualAllocation        = false                                  {pd product} {ergonomic}

Logging:
Log output configuration:
 #0: stdout all=warning uptime,level,tags
 #1: stderr all=off uptime,level,tags

Environment Variables:
JAVA_HOME=C:\Program Files\Java\jdk-17
PATH=C:\Program Files\Common Files\Oracle\Java\javapath;C:\Windows\system32;C:\Windows;C:\Windows\System32\Wbem;C:\Windows\System32\WindowsPowerShell\v1.0\;C:\Windows\System32\OpenSSH\;C:\Program Files\MATLAB\MATLAB Runtime\v911\runtime\win64;D:\MATLAB\runtime\win64;D:\MATLAB\bin;D:\MATLAB\polyspace\bin;E:\SPSS\JRE\bin;E:\MATLAB\runtime\win64;E:\MATLAB\bin;E:\MATLAB BNR\runtime\win64;E:\MATLAB BNR\bin;E:\MATLAB BNR\polyspace\bin;C:\Program Files\Git\cmd;C:\ProgramFiles\Java\jdk-17\bin;C:\Users\User\Downloads\apache-maven-3.9.4-bin\apache-maven-3.9.4;C:\Users\User\Downloads\apache-maven-3.9.4-bin\apache-maven-3.9.4;C:\Program Files\nodejs\;C:\Program Files\apache-maven-3.9.4\bin;C:\Users\User\AppData\Local\Programs\Microsoft VS Code\bin;C:\Users\User\AppData\Roaming\npm;C:\Users\User\AppData\Local\GitHubDesktop\bin;C:\Program Files\apache-maven-3.9.4\bin;C:\Program Files\Java\jdk-17\bin;
USERNAME=User
OS=Windows_NT
PROCESSOR_IDENTIFIER=Intel64 Family 6 Model 58 Stepping 9, GenuineIntel



---------------  S Y S T E M  ---------------

OS:
 Windows 10 , 64 bit Build 19041 (10.0.19041.3636)
OS uptime: 0 days 5:13 hours

CPU: total 2 (initial active 2) (2 cores per cpu, 1 threads per core) family 6 model 58 stepping 9 microcode 0x21, cx8, cmov, fxsr, mmx, sse, sse2, sse3, ssse3, sse4.1, sse4.2, popcnt, tsc, tscinvbit, erms, clmul, clflush

Memory: 4k page, system-wide physical 3891M (274M free)
TotalPageFile size 13396M (AvailPageFile size 60M)
current process WorkingSet (physical memory assigned to process): 270M, peak: 311M
current process commit charge ("private bytes"): 298M, peak: 381M

vm_info: Java HotSpot(TM) 64-Bit Server VM (17.0.8+9-LTS-211) for windows-amd64 JRE (17.0.8+9-LTS-211), built on Jun 14 2023 10:34:31 by "mach5one" with MS VC++ 17.1 (VS2022)

END.
